m[INFO] 2023-11-08 14:15:51.440606 InternalColumnArr.h:458: [INTERGER col SYMN], min: -38694403, max: -38679362, diff_cnt: 1
m[INFO] 2023-11-08 14:15:51.440622 InternalColumnArr.h:496: [DOUBLE col TEDW], min: 67073227.688607, max: 67483294.115914, diff_cnt: 56
m[INFO] 2023-11-08 14:15:51.440641 InternalColumnArr.h:458: [INTERGER col TFGW], min: -2147483647, max: -2147483645, diff_cnt: 1
m[INFO] 2023-11-08 14:15:51.440651 InternalColumnArr.h:458: [INTERGER col UAPJ], min: -6210353, max: -6207946, diff_cnt: 1
m[INFO] 2023-11-08 14:15:51.440677 InternalColumnArr.h:458: [INTERGER col UICP], min: -619103093, max: -618862431, diff_cnt: 19
m[INFO] 2023-11-08 14:15:51.440687 InternalColumnArr.h:496: [DOUBLE col UVGJ], min: 15254.579090, max: 15398.282769, diff_cnt: 1
m[INFO] 2023-11-08 14:15:51.440751 InternalColumnArr.h:458: [INTERGER col WKUZ], min: -1, max: -1, diff_cnt: 1
m[INFO] 2023-11-08 14:15:51.440755 InternalColumnArr.h:458: [INTERGER col WLYQ], min: -87617, max: -87587, diff_cnt: 1
m[INFO] 2023-11-08 14:15:51.440765 InternalColumnArr.h:458: [INTERGER col WNHB], min: -22635, max: -12699, diff_cnt: 92
m[INFO] 2023-11-08 14:15:51.440781 InternalColumnArr.h:458: [INTERGER col XCDQ], min: -601007, max: -600766, diff_cnt: 1
m[INFO] 2023-11-08 14:15:51.440793 InternalColumnArr.h:496: [DOUBLE col XRTP], min: 77371626.795849, max: 77401709.635518, diff_cnt: 1
m[INFO] 2023-11-08 14:15:51.440806 InternalColumnArr.h:458: [INTERGER col YCTI], min: 1, max: 5, diff_cnt: 1
m[INFO] 2023-11-08 14:15:51.440817 InternalColumnArr.h:458: [INTERGER col YDXB], min: -7726893, max: -7723885, diff_cnt: 1
m[INFO] 2023-11-08 14:15:51.440842 InternalColumnArr.h:496: [DOUBLE col ZIKG], min: 9804.799648, max: 9808.900312, diff_cnt: 1
m[INFO] 2023-11-08 14:15:51.440856 InternalColumnArr.h:458: [INTERGER col ZTGP], min: 55259, max: 55274, diff_cnt: 1
m[INFO] 2023-11-08 14:15:51.440863 InternalColumnArr.h:458: [INTERGER col ZZBE], min: -24641, max: -14785, diff_cnt: 98
m[INFO] 2023-11-08 14:15:51.446683 InternalColumnArr.h:458: [INTERGER col KACE], min: 7730150, max: 7733158, diff_cnt: 1
m[INFO] 2023-11-08 14:15:51.446713 InternalColumnArr.h:458: [INTERGER col KFGP], min: -18038, max: -8086, diff_cnt: 98
m[INFO] 2023-11-08 14:15:51.446732 InternalColumnArr.h:458: [INTERGER col KWET], min: 17995, max: 20987, diff_cnt: 1
m[INFO] 2023-11-08 14:15:51.446750 InternalColumnArr.h:458: [INTERGER col LFZG], min: 91054, max: 91084, diff_cnt: 1
m[INFO] 2023-11-08 14:15:51.446774 InternalColumnArr.h:458: [INTERGER col LIOS], min: -31828, max: -31825, diff_cnt: 1
m[INFO] 2023-11-08 14:15:51.446809 InternalColumnArr.h:496: [DOUBLE col LMLK], min: 3768229.606772, max: 3809205.731341, diff_cnt: 2
m[INFO] 2023-11-08 14:15:51.446827 InternalColumnArr.h:496: [DOUBLE col LYLI], min: 128244.468910, max: 128882.404067, diff_cnt: 1
m[INFO] 2023-11-08 14:15:51.446843 InternalColumnArr.h:458: [INTERGER col MLBY], min: -61887906, max: -61863840, diff_cnt: 1
m[INFO] 2023-11-08 14:15:51.447100 InternalColumnArr.h:458: [INTERGER col MUBC], min: -2147483647, max: -2147483645, diff_cnt: 1
m[INFO] 2023-11-08 14:15:51.447115 InternalColumnArr.h:458: [INTERGER col NXCR], min: 3882162, max: 3883666, diff_cnt: 1
m[INFO] 2023-11-08 14:15:51.447269 InternalColumnArr.h:458: [INTERGER col OZSM], min: 386798501, max: 386948915, diff_cnt: 12
m[INFO] 2023-11-08 14:15:51.447280 InternalColumnArr.h:458: [INTERGER col PQRQ], min: 61911305, max: 61935371, diff_cnt: 1
m[INFO] 2023-11-08 14:15:51.447325 InternalColumnArr.h:496: [DOUBLE col SBXA], min: -72419.128712, max: -72389.045866, diff_cnt: 1
m[INFO] 2023-11-08 14:15:51.447366 InternalColumnArr.h:458: [INTERGER col SYMN], min: -38694406, max: -38679364, diff_cnt: 1
m[INFO] 2023-11-08 14:15:51.447379 InternalColumnArr.h:496: [DOUBLE col TEDW], min: 67073374.670148, max: 67483135.915837, diff_cnt: 55
m[INFO] 2023-11-08 14:15:51.447395 InternalColumnArr.h:458: [INTERGER col TFGW], min: -2147483647, max: -2147483645, diff_cnt: 1
m[INFO] 2023-11-08 14:15:51.447403 InternalColumnArr.h:458: [INTERGER col UAPJ], min: -6210353, max: -6207946, diff_cnt: 1
m[INFO] 2023-11-08 14:15:51.447427 InternalColumnArr.h:458: [INTERGER col UICP], min: -619103136, max: -618862473, diff_cnt: 14
m[INFO] 2023-11-08 14:15:51.447436 InternalColumnArr.h:496: [DOUBLE col UVGJ], min: 15254.630598, max: 15398.227329, diff_cnt: 1
m[INFO] 2023-11-08 14:15:51.447491 InternalColumnArr.h:458: [INTERGER col WKUZ], min: -1, max: -1, diff_cnt: 1
m[INFO] 2023-11-08 14:15:51.447494 InternalColumnArr.h:458: [INTERGER col WLYQ], min: -87617, max: -87587, diff_cnt: 1
m[INFO] 2023-11-08 14:15:51.447502 InternalColumnArr.h:458: [INTERGER col WNHB], min: -22655, max: -12719, diff_cnt: 88
m[INFO] 2023-11-08 14:15:51.447516 InternalColumnArr.h:458: [INTERGER col XCDQ], min: -601007, max: -600766, diff_cnt: 1
m[INFO] 2023-11-08 14:15:51.447525 InternalColumnArr.h:496: [DOUBLE col XRTP], min: 77371632.082060, max: 77401714.927541, diff_cnt: 1
m[INFO] 2023-11-08 14:15:51.447536 InternalColumnArr.h:458: [INTERGER col YCTI], min: 1, max: 5, diff_cnt: 1
m[INFO] 2023-11-08 14:15:51.447545 InternalColumnArr.h:458: [INTERGER col YDXB], min: -7726893, max: -7723885, diff_cnt: 1
m[INFO] 2023-11-08 14:15:51.447564 InternalColumnArr.h:496: [DOUBLE col ZIKG], min: 9804.801230, max: 9808.898843, diff_cnt: 1
m[INFO] 2023-11-08 14:15:51.447577 InternalColumnArr.h:458: [INTERGER col ZTGP], min: 55259, max: 55274, diff_cnt: 1
m[INFO] 2023-11-08 14:15:51.447582 InternalColumnArr.h:458: [INTERGER col ZZBE], min: -24661, max: -14693, diff_cnt: 82
m[INFO] 2023-11-08 14:15:51.481414 InternalColumnArr.h:496: [DOUBLE col FQTH], min: -7704860.474393, max: -7701894.886671, diff_cnt: 1
m[INFO] 2023-11-08 14:15:51.481502 InternalColumnArr.h:496: [DOUBLE col FWKW], min: 20702.598299, max: 20702.894858, diff_cnt: 1
m[INFO] 2023-11-08 14:15:51.481669 InternalColumnArr.h:458: [INTERGER col GMNR], min: -399743, max: -399595, diff_cnt: 1
m[INFO] 2023-11-08 14:15:51.481681 InternalColumnArr.h:458: [INTERGER col GMVS], min: 12448, max: 12448, diff_cnt: 1
m[INFO] 2023-11-08 14:15:51.481685 InternalColumnArr.h:458: [INTERGER col GONE], min: -13655, max: 5976873, diff_cnt: 256
m[INFO] 2023-11-08 14:15:51.481710 InternalColumnArr.h:458: [INTERGER col HJPZ], min: -17910, max: -12918, diff_cnt: 6
m[INFO] 2023-11-08 14:15:51.481728 InternalColumnArr.h:458: [INTERGER col HRXI], min: 1, max: 9, diff_cnt: 1
m[INFO] 2023-11-08 14:15:51.481738 InternalColumnArr.h:458: [INTERGER col JCGU], min: -2147483647, max: -2147483645, diff_cnt: 1
m[INFO] 2023-11-08 14:15:51.481748 InternalColumnArr.h:458: [INTERGER col JDOE], min: -7649, max: -5665, diff_cnt: 1
m[INFO] 2023-11-08 14:15:51.481764 InternalColumnArr.h:458: [INTERGER col JHET], min: 1, max: 3, diff_cnt: 1
m[INFO] 2023-11-08 14:15:51.481801 InternalColumnArr.h:458: [INTERGER col JKZL], min: 624097, max: 624335, diff_cnt: 1
m[INFO] 2023-11-08 14:15:51.496511 InternalColumnArr.h:458: [INTERGER col KACE], min: 7729889, max: 7732855, diff_cnt: 1
m[INFO] 2023-11-08 14:15:51.496546 InternalColumnArr.h:458: [INTERGER col KFGP], min: -17998, max: -8094, diff_cnt: 116
m[INFO] 2023-11-08 14:15:51.496570 InternalColumnArr.h:458: [INTERGER col KWET], min: 17995, max: 20987, diff_cnt: 1
m[INFO] 2023-11-08 14:15:51.496593 InternalColumnArr.h:458: [INTERGER col LFZG], min: 91052, max: 91081, diff_cnt: 1
m[INFO] 2023-11-08 14:15:51.496603 InternalColumnArr.h:458: [INTERGER col LIOS], min: -31827, max: -31824, diff_cnt: 1
m[INFO] 2023-11-08 14:15:51.496630 InternalColumnArr.h:496: [DOUBLE col LMLK], min: 3766990.025066, max: 3808016.487140, diff_cnt: 2
m[INFO] 2023-11-08 14:15:51.496652 InternalColumnArr.h:496: [DOUBLE col LYLI], min: 128225.170532, max: 128863.889366, diff_cnt: 1
m[INFO] 2023-11-08 14:15:51.496672 InternalColumnArr.h:458: [INTERGER col MLBY], min: -61885479, max: -61861754, diff_cnt: 1
m[INFO] 2023-11-08 14:15:51.496689 InternalColumnArr.h:458: [INTERGER col MUBC], min: -2147483647, max: -2147483645, diff_cnt: 1
m[INFO] 2023-11-08 14:15:51.496700 InternalColumnArr.h:458: [INTERGER col NXCR], min: 3882032, max: 3883515, diff_cnt: 1
m[INFO] 2023-11-08 14:15:51.496808 InternalColumnArr.h:458: [INTERGER col OZSM], min: 386785462, max: 386933741, diff_cnt: 13
m[INFO] 2023-11-08 14:15:51.496818 InternalColumnArr.h:458: [INTERGER col PQRQ], min: 61909219, max: 61932944, diff_cnt: 1
m[INFO] 2023-11-08 14:15:51.496836 InternalColumnArr.h:496: [DOUBLE col SBXA], min: -72416.093987, max: -72386.438110, diff_cnt: 1
m[INFO] 2023-11-08 14:15:51.496871 InternalColumnArr.h:458: [INTERGER col SYMN], min: -38692888, max: -38678060, diff_cnt: 1
m[INFO] 2023-11-08 14:15:51.496887 InternalColumnArr.h:496: [DOUBLE col TEDW], min: 67085267.112154, max: 67495531.732900, diff_cnt: 47
m[INFO] 2023-11-08 14:15:51.496908 InternalColumnArr.h:458: [INTERGER col TFGW], min: -2147483647, max: -2147483645, diff_cnt: 1
m[INFO] 2023-11-08 14:15:51.496918 InternalColumnArr.h:458: [INTERGER col UAPJ], min: -6210110, max: -6207738, diff_cnt: 1
m[INFO] 2023-11-08 14:15:51.496944 InternalColumnArr.h:458: [INTERGER col UICP], min: -619078858, max: -618841611, diff_cnt: 18
m[INFO] 2023-11-08 14:15:51.496953 InternalColumnArr.h:496: [DOUBLE col UVGJ], min: 15258.798186, max: 15402.571319, diff_cnt: 1
m[INFO] 2023-11-08 14:15:51.497005 InternalColumnArr.h:458: [INTERGER col WKUZ], min: -1, max: -1, diff_cnt: 1
m[INFO] 2023-11-08 14:15:51.497008 InternalColumnArr.h:458: [INTERGER col WLYQ], min: -87614, max: -87585, diff_cnt: 1
m[INFO] 2023-11-08 14:15:51.497016 InternalColumnArr.h:458: [INTERGER col WNHB], min: -22615, max: -12679, diff_cnt: 99
m[INFO] 2023-11-08 14:15:51.497031 InternalColumnArr.h:458: [INTERGER col XCDQ], min: -600983, max: -600745, diff_cnt: 1
m[INFO] 2023-11-08 14:15:51.497041 InternalColumnArr.h:496: [DOUBLE col XRTP], min: 77369024.325573, max: 77398680.202793, diff_cnt: 1
m[INFO] 2023-11-08 14:15:51.497052 InternalColumnArr.h:458: [INTERGER col YCTI], min: 1, max: 5, diff_cnt: 1
m[INFO] 2023-11-08 14:15:51.497061 InternalColumnArr.h:458: [INTERGER col YDXB], min: -7726590, max: -7723624, diff_cnt: 1
m[INFO] 2023-11-08 14:15:51.497084 InternalColumnArr.h:496: [DOUBLE col ZIKG], min: 9804.677272, max: 9808.779918, diff_cnt: 1
m[INFO] 2023-11-08 14:15:51.497097 InternalColumnArr.h:458: [INTERGER col ZTGP], min: 55258, max: 55272, diff_cnt: 1
m[INFO] 2023-11-08 14:15:51.497102 InternalColumnArr.h:458: [INTERGER col ZZBE], min: -24669, max: -14733, diff_cnt: 89
m[INFO] 2023-11-08 14:15:51.497633 InternalColumnArr.h:458: [INTERGER col KACE], min: 7730128, max: 7733151, diff_cnt: 1
m[INFO] 2023-11-08 14:15:51.497680 InternalColumnArr.h:458: [INTERGER col KFGP], min: -18042, max: -8074, diff_cnt: 85
m[INFO] 2023-11-08 14:15:51.497698 InternalColumnArr.h:458: [INTERGER col KWET], min: 18031, max: 20983, diff_cnt: 1
m[INFO] 2023-11-08 14:15:51.497720 InternalColumnArr.h:458: [INTERGER col LFZG], min: 91054, max: 91084, diff_cnt: 1
m[INFO] 2023-11-08 14:15:51.497729 InternalColumnArr.h:458: [INTERGER col LIOS], min: -31828, max: -31825, diff_cnt: 1
m[INFO] 2023-11-08 14:15:51.497756 InternalColumnArr.h:496: [DOUBLE col LMLK], min: 3768169.009505, max: 3809308.486486, diff_cnt: 2
m[INFO] 2023-11-08 14:15:51.497796 InternalColumnArr.h:496: [DOUBLE col LYLI], min: 128243.525504, max: 128884.003806, diff_cnt: 1
m[INFO] 2023-11-08 14:15:51.497817 InternalColumnArr.h:458: [INTERGER col MLBY], min: -61887844, max: -61863665, diff_cnt: 1
m[INFO] 2023-11-08 14:15:51.497833 InternalColumnArr.h:458: [INTERGER col MUBC], min: -2147483647, max: -2147483645, diff_cnt: 1
m[INFO] 2023-11-08 14:15:51.497843 InternalColumnArr.h:458: [INTERGER col NXCR], min: 3882151, max: 3883663, diff_cnt: 1
m[INFO] 2023-11-08 14:15:51.497989 InternalColumnArr.h:458: [INTERGER col OZSM], min: 386797409, max: 386948524, diff_cnt: 12
m[INFO] 2023-11-08 14:15:51.497998 InternalColumnArr.h:458: [INTERGER col PQRQ], min: 61911130, max: 61935309, diff_cnt: 1
m[INFO] 2023-11-08 14:15:51.498015 InternalColumnArr.h:496: [DOUBLE col SBXA], min: -72419.050523, max: -72388.827478, diff_cnt: 1
m[INFO] 2023-11-08 14:15:51.498067 InternalColumnArr.h:458: [INTERGER col SYMN], min: -38694367, max: -38679255, diff_cnt: 1
m[INFO] 2023-11-08 14:15:51.498083 InternalColumnArr.h:496: [DOUBLE col TEDW], min: 67072347.118702, max: 67483741.888504, diff_cnt: 51
m[INFO] 2023-11-08 14:15:51.498101 InternalColumnArr.h:458: [INTERGER col TFGW], min: -2147483647, max: -2147483645, diff_cnt: 1
m[INFO] 2023-11-08 14:15:51.498110 InternalColumnArr.h:458: [INTERGER col UAPJ], min: -6210347, max: -6207929, diff_cnt: 1
m[INFO] 2023-11-08 14:15:51.498137 InternalColumnArr.h:458: [INTERGER col UICP], min: -619102510, max: -618860726, diff_cnt: 15
m[INFO] 2023-11-08 14:15:51.498147 InternalColumnArr.h:496: [DOUBLE col UVGJ], min: 15254.270503, max: 15398.439686, diff_cnt: 1
m[INFO] 2023-11-08 14:15:51.498206 InternalColumnArr.h:458: [INTERGER col WKUZ], min: -1, max: -1, diff_cnt: 1
m[INFO] 2023-11-08 14:15:51.498210 InternalColumnArr.h:458: [INTERGER col WLYQ], min: -87617, max: -87587, diff_cnt: 1
m[INFO] 2023-11-08 14:15:51.498219 InternalColumnArr.h:458: [INTERGER col WNHB], min: -22659, max: -12675, diff_cnt: 87
m[INFO] 2023-11-08 14:15:51.498233 InternalColumnArr.h:458: [INTERGER col XCDQ], min: -601006, max: -600764, diff_cnt: 1
m[INFO] 2023-11-08 14:15:51.498245 InternalColumnArr.h:496: [DOUBLE col XRTP], min: 77371413.693888, max: 77401636.739075, diff_cnt: 1
m[INFO] 2023-11-08 14:15:51.498256 InternalColumnArr.h:458: [INTERGER col YCTI], min: 1, max: 5, diff_cnt: 1
m[INFO] 2023-11-08 14:15:51.498266 InternalColumnArr.h:458: [INTERGER col YDXB], min: -7726886, max: -7723863, diff_cnt: 1
m[INFO] 2023-11-08 14:15:51.498315 InternalColumnArr.h:496: [DOUBLE col ZIKG], min: 9804.795170, max: 9808.909118, diff_cnt: 1
m[INFO] 2023-11-08 14:15:51.498331 InternalColumnArr.h:458: [INTERGER col ZTGP], min: 55259, max: 55274, diff_cnt: 1
m[INFO] 2023-11-08 14:15:51.498338 InternalColumnArr.h:458: [INTERGER col ZZBE], min: -24473, max: -14841, diff_cnt: 73
m[INFO] 2023-11-08 14:15:51.498401 InternalColumnArr.h:458: [INTERGER col AOAO], min: -2147483647, max: -2147483645, diff_cnt: 1
m[INFO] 2023-11-08 14:15:51.498412 InternalColumnArr.h:458: [INTERGER col BBPX], min: 1, max: 9, diff_cnt: 1
m[INFO] 2023-11-08 14:15:51.498443 InternalColumnArr.h:496: [DOUBLE col BDPO], min: 797839.053973, max: 798141.284654, diff_cnt: 1
m[INFO] 2023-11-08 14:15:51.498457 InternalColumnArr.h:458: [INTERGER col BTJH], min: 3891463, max: 3892975, diff_cnt: 1
m[INFO] 2023-11-08 14:15:51.498471 InternalColumnArr.h:458: [INTERGER col BZPV], min: 184069, max: 49235205, diff_cnt: 256
m[INFO] 2023-11-08 14:15:51.498485 InternalColumnArr.h:458: [INTERGER col CSRC], min: 19456, max: 9976576, diff_cnt: 256
m[INFO] 2023-11-08 14:15:51.498491 InternalColumnArr.h:458: [INTERGER col DSKQ], min: -9239, max: -9236, diff_cnt: 1
m[INFO] 2023-11-08 14:15:51.498497 InternalColumnArr.h:458: [INTERGER col ENVH], min: 26530, max: 1516322, diff_cnt: 255
m[INFO] 2023-11-08 14:15:51.498513 InternalColumnArr.h:458: [INTERGER col EQLU], min: -751532, max: -751230, diff_cnt: 1
m[INFO] 2023-11-08 14:15:51.498524 InternalColumnArr.h:458: [INTERGER col EXGV], min: -2147483647, max: -2147483645, diff_cnt: 1
m[INFO] 2023-11-08 14:15:51.498556 InternalColumnArr.h:496: [DOUBLE col FQTH], min: -7705158.205665, max: -7702135.898854, diff_cnt: 1
m[INFO] 2023-11-08 14:15:51.498591 InternalColumnArr.h:496: [DOUBLE col FWKW], min: 20702.622401, max: 20702.924631, diff_cnt: 1
m[INFO] 2023-11-08 14:15:51.498755 InternalColumnArr.h:458: [INTERGER col GMNR], min: -399758, max: -399607, diff_cnt: 1
m[INFO] 2023-11-08 14:15:51.498767 InternalColumnArr.h:458: [INTERGER col GMVS], min: 12448, max: 12448, diff_cnt: 1
m[INFO] 2023-11-08 14:15:51.498770 InternalColumnArr.h:458: [INTERGER col GONE], min: -18979, max: 5945821, diff_cnt: 256
m[INFO] 2023-11-08 14:15:51.498796 InternalColumnArr.h:458: [INTERGER col HJPZ], min: -17906, max: -12930, diff_cnt: 8
m[INFO] 2023-11-08 14:15:51.498812 InternalColumnArr.h:458: [INTERGER col HRXI], min: 1, max: 9, diff_cnt: 1
m[INFO] 2023-11-08 14:15:51.498823 InternalColumnArr.h:458: [INTERGER col JCGU], min: -2147483647, max: -2147483645, diff_cnt: 1
m[INFO] 2023-11-08 14:15:51.498833 InternalColumnArr.h:458: [INTERGER col JDOE], min: -7645, max: -5661, diff_cnt: 1
m[INFO] 2023-11-08 14:15:51.498852 InternalColumnArr.h:458: [INTERGER col JHET], min: 1, max: 3, diff_cnt: 1
m[INFO] 2023-11-08 14:15:51.498861 InternalColumnArr.h:458: [INTERGER col JKZL], min: 624117, max: 624358, diff_cnt: 1
m[INFO] 2023-11-08 14:15:51.534438 InternalColumnArr.h:458: [INTERGER col KACE], min: 7730130, max: 7733153, diff_cnt: 1
m[INFO] 2023-11-08 14:15:51.534473 InternalColumnArr.h:458: [INTERGER col KFGP], min: -17962, max: -8074, diff_cnt: 85
m[INFO] 2023-11-08 14:15:51.534494 InternalColumnArr.h:458: [INTERGER col KWET], min: 18007, max: 20983, diff_cnt: 1
m[INFO] 2023-11-08 14:15:51.534515 InternalColumnArr.h:458: [INTERGER col LFZG], min: 91054, max: 91084, diff_cnt: 1
m[INFO] 2023-11-08 14:15:51.534523 InternalColumnArr.h:458: [INTERGER col LIOS], min: -31828, max: -31825, diff_cnt: 1
m[INFO] 2023-11-08 14:15:51.534560 InternalColumnArr.h:496: [DOUBLE col LMLK], min: 3768141.394387, max: 3809281.281875, diff_cnt: 2
m[INFO] 2023-11-08 14:15:51.534579 InternalColumnArr.h:496: [DOUBLE col LYLI], min: 128243.095580, max: 128883.580272, diff_cnt: 1
m[INFO] 2023-11-08 14:15:51.534595 InternalColumnArr.h:458: [INTERGER col MLBY], min: -61887860, max: -61863682, diff_cnt: 1
m[INFO] 2023-11-08 14:15:51.534608 InternalColumnArr.h:458: [INTERGER col MUBC], min: -2147483647, max: -2147483645, diff_cnt: 1
m[INFO] 2023-11-08 14:15:51.534618 InternalColumnArr.h:458: [INTERGER col NXCR], min: 3882152, max: 3883664, diff_cnt: 1
m[INFO] 2023-11-08 14:15:51.534744 InternalColumnArr.h:458: [INTERGER col OZSM], min: 386797513, max: 386948628, diff_cnt: 12
m[INFO] 2023-11-08 14:15:51.534754 InternalColumnArr.h:458: [INTERGER col PQRQ], min: 61911147, max: 61935325, diff_cnt: 1
m[INFO] 2023-11-08 14:15:51.534794 InternalColumnArr.h:496: [DOUBLE col SBXA], min: -72419.071300, max: -72388.848232, diff_cnt: 1
m[INFO] 2023-11-08 14:15:51.534827 InternalColumnArr.h:458: [INTERGER col SYMN], min: -38694377, max: -38679266, diff_cnt: 1
m[INFO] 2023-11-08 14:15:51.534841 InternalColumnArr.h:496: [DOUBLE col TEDW], min: 67072619.164812, max: 67484018.039689, diff_cnt: 51
m[INFO] 2023-11-08 14:15:51.534856 InternalColumnArr.h:458: [INTERGER col TFGW], min: -2147483647, max: -2147483645, diff_cnt: 1
m[INFO] 2023-11-08 14:15:51.534865 InternalColumnArr.h:458: [INTERGER col UAPJ], min: -6210348, max: -6207931, diff_cnt: 1
m[INFO] 2023-11-08 14:15:51.534888 InternalColumnArr.h:458: [INTERGER col UICP], min: -619102676, max: -618860892, diff_cnt: 15
m[INFO] 2023-11-08 14:15:51.534896 InternalColumnArr.h:496: [DOUBLE col UVGJ], min: 15254.365839, max: 15398.536461, diff_cnt: 1
m[INFO] 2023-11-08 14:15:51.534959 InternalColumnArr.h:458: [INTERGER col WKUZ], min: -1, max: -1, diff_cnt: 1
m[INFO] 2023-11-08 14:15:51.534963 InternalColumnArr.h:458: [INTERGER col WLYQ], min: -87617, max: -87587, diff_cnt: 1
m[INFO] 2023-11-08 14:15:51.534970 InternalColumnArr.h:458: [INTERGER col WNHB], min: -22659, max: -12691, diff_cnt: 87
m[INFO] 2023-11-08 14:15:51.534985 InternalColumnArr.h:458: [INTERGER col XCDQ], min: -601006, max: -600765, diff_cnt: 1
m[INFO] 2023-11-08 14:15:51.534994 InternalColumnArr.h:496: [DOUBLE col XRTP], min: 77371434.447398, max: 77401657.515509, diff_cnt: 1
m[INFO] 2023-11-08 14:15:51.535004 InternalColumnArr.h:458: [INTERGER col YCTI], min: 1, max: 5, diff_cnt: 1
m[INFO] 2023-11-08 14:15:51.535013 InternalColumnArr.h:458: [INTERGER col YDXB], min: -7726888, max: -7723865, diff_cnt: 1
m[INFO] 2023-11-08 14:15:51.535035 InternalColumnArr.h:496: [DOUBLE col ZIKG], min: 9804.792409, max: 9808.906398, diff_cnt: 1
m[INFO] 2023-11-08 14:15:51.535046 InternalColumnArr.h:458: [INTERGER col ZTGP], min: 55259, max: 55274, diff_cnt: 1
m[INFO] 2023-11-08 14:15:51.535051 InternalColumnArr.h:458: [INTERGER col ZZBE], min: -24585, max: -14729, diff_cnt: 95
m[INFO] 2023-11-08 14:15:51.535102 InternalColumnArr.h:458: [INTERGER col AOAO], min: -2147483647, max: -2147483645, diff_cnt: 1
m[INFO] 2023-11-08 14:15:51.535111 InternalColumnArr.h:458: [INTERGER col BBPX], min: 1, max: 9, diff_cnt: 1
m[INFO] 2023-11-08 14:15:51.535122 InternalColumnArr.h:496: [DOUBLE col BDPO], min: 797839.261607, max: 798141.492517, diff_cnt: 1
m[INFO] 2023-11-08 14:15:51.535132 InternalColumnArr.h:458: [INTERGER col BTJH], min: 3891464, max: 3892976, diff_cnt: 1
m[INFO] 2023-11-08 14:15:51.535144 InternalColumnArr.h:458: [INTERGER col BZPV], min: 239701, max: 49695317, diff_cnt: 256
m[INFO] 2023-11-08 14:15:51.535155 InternalColumnArr.h:458: [INTERGER col CSRC], min: 42000, max: 9934608, diff_cnt: 256
m[INFO] 2023-11-08 14:15:51.535160 InternalColumnArr.h:458: [INTERGER col DSKQ], min: -9239, max: -9236, diff_cnt: 1
m[INFO] 2023-11-08 14:15:51.535165 InternalColumnArr.h:458: [INTERGER col ENVH], min: 35538, max: 1505586, diff_cnt: 255
m[INFO] 2023-11-08 14:15:51.535177 InternalColumnArr.h:458: [INTERGER col EQLU], min: -751532, max: -751230, diff_cnt: 1
m[INFO] 2023-11-08 14:15:51.535186 InternalColumnArr.h:458: [INTERGER col EXGV], min: -2147483647, max: -2147483645, diff_cnt: 1
m[INFO] 2023-11-08 14:15:51.535210 InternalColumnArr.h:496: [DOUBLE col FQTH], min: -7705160.284294, max: -7702137.975190, diff_cnt: 1
m[INFO] 2023-11-08 14:15:51.535239 InternalColumnArr.h:496: [DOUBLE col FWKW], min: 20702.622608, max: 20702.924839, diff_cnt: 1
m[INFO] 2023-11-08 14:15:51.535406 InternalColumnArr.h:458: [INTERGER col GMNR], min: -399758, max: -399607, diff_cnt: 1
m[INFO] 2023-11-08 14:15:51.535416 InternalColumnArr.h:458: [INTERGER col GMVS], min: 12448, max: 12448, diff_cnt: 1
m[INFO] 2023-11-08 14:15:51.535434 InternalColumnArr.h:458: [INTERGER col GONE], min: 24909, max: 5938125, diff_cnt: 256
m[INFO] 2023-11-08 14:15:51.535449 InternalColumnArr.h:458: [INTERGER col HJPZ], min: -17914, max: -12978, diff_cnt: 9
m[INFO] 2023-11-08 14:15:51.535463 InternalColumnArr.h:458: [INTERGER col HRXI], min: 1, max: 9, diff_cnt: 1
m[INFO] 2023-11-08 14:15:51.535472 InternalColumnArr.h:458: [INTERGER col JCGU], min: -2147483647, max: -2147483645, diff_cnt: 1
m[INFO] 2023-11-08 14:15:51.535480 InternalColumnArr.h:458: [INTERGER col JDOE], min: -7645, max: -5661, diff_cnt: 1
m[INFO] 2023-11-08 14:15:51.535495 InternalColumnArr.h:458: [INTERGER col JHET], min: 1, max: 3, diff_cnt: 1
m[INFO] 2023-11-08 14:15:51.535502 InternalColumnArr.h:458: [INTERGER col JKZL], min: 624117, max: 624359, diff_cnt: 1
m[INFO] 2023-11-08 14:15:51.602359 InternalColumnArr.h:458: [INTERGER col KACE], min: 7730132, max: 7733155, diff_cnt: 1
m[INFO] 2023-11-08 14:15:51.602392 InternalColumnArr.h:458: [INTERGER col KFGP], min: -18058, max: -8106, diff_cnt: 82
m[INFO] 2023-11-08 14:15:51.602410 InternalColumnArr.h:458: [INTERGER col KWET], min: 17999, max: 20983, diff_cnt: 1
m[INFO] 2023-11-08 14:15:51.602428 InternalColumnArr.h:458: [INTERGER col LFZG], min: 91054, max: 91084, diff_cnt: 1
m[INFO] 2023-11-08 14:15:51.602436 InternalColumnArr.h:458: [INTERGER col LIOS], min: -31828, max: -31825, diff_cnt: 1
m[INFO] 2023-11-08 14:15:51.602472 InternalColumnArr.h:496: [DOUBLE col LMLK], min: 3768143.129569, max: 3809294.069238, diff_cnt: 2
m[INFO] 2023-11-08 14:15:51.602490 InternalColumnArr.h:496: [DOUBLE col LYLI], min: 128243.122594, max: 128883.779352, diff_cnt: 1
m[INFO] 2023-11-08 14:15:51.602507 InternalColumnArr.h:458: [INTERGER col MLBY], min: -61887877, max: -61863699, diff_cnt: 1
m[INFO] 2023-11-08 14:15:51.602522 InternalColumnArr.h:458: [INTERGER col MUBC], min: -2147483647, max: -2147483645, diff_cnt: 1
m[INFO] 2023-11-08 14:15:51.602532 InternalColumnArr.h:458: [INTERGER col NXCR], min: 3882153, max: 3883665, diff_cnt: 1
m[INFO] 2023-11-08 14:15:51.602651 InternalColumnArr.h:458: [INTERGER col OZSM], min: 386797616, max: 386948732, diff_cnt: 12
m[INFO] 2023-11-08 14:15:51.602659 InternalColumnArr.h:458: [INTERGER col PQRQ], min: 61911164, max: 61935342, diff_cnt: 1
m[INFO] 2023-11-08 14:15:51.602674 InternalColumnArr.h:496: [DOUBLE col SBXA], min: -72419.092086, max: -72388.868995, diff_cnt: 1
m[INFO] 2023-11-08 14:15:51.602704 InternalColumnArr.h:458: [INTERGER col SYMN], min: -38694387, max: -38679276, diff_cnt: 1
m[INFO] 2023-11-08 14:15:51.602718 InternalColumnArr.h:496: [DOUBLE col TEDW], min: 67072491.291179, max: 67484000.687868, diff_cnt: 51
m[INFO] 2023-11-08 14:15:51.602734 InternalColumnArr.h:458: [INTERGER col TFGW], min: -2147483647, max: -2147483645, diff_cnt: 1
m[INFO] 2023-11-08 14:15:51.602743 InternalColumnArr.h:458: [INTERGER col UAPJ], min: -6210350, max: -6207932, diff_cnt: 1
m[INFO] 2023-11-08 14:15:51.602766 InternalColumnArr.h:458: [INTERGER col UICP], min: -619102843, max: -618861058, diff_cnt: 15
m[INFO] 2023-11-08 14:15:51.602775 InternalColumnArr.h:496: [DOUBLE col UVGJ], min: 15254.321027, max: 15398.530380, diff_cnt: 1
m[INFO] 2023-11-08 14:15:51.602828 InternalColumnArr.h:458: [INTERGER col WKUZ], min: -1, max: -1, diff_cnt: 1
m[INFO] 2023-11-08 14:15:51.602832 InternalColumnArr.h:458: [INTERGER col WLYQ], min: -87617, max: -87587, diff_cnt: 1
m[INFO] 2023-11-08 14:15:51.602840 InternalColumnArr.h:458: [INTERGER col WNHB], min: -22499, max: -12675, diff_cnt: 92
m[INFO] 2023-11-08 14:15:51.602855 InternalColumnArr.h:458: [INTERGER col XCDQ], min: -601007, max: -600765, diff_cnt: 1
m[INFO] 2023-11-08 14:15:51.602865 InternalColumnArr.h:496: [DOUBLE col XRTP], min: 77371455.210759, max: 77401678.301806, diff_cnt: 1
m[INFO] 2023-11-08 14:15:51.602903 InternalColumnArr.h:458: [INTERGER col YCTI], min: 1, max: 5, diff_cnt: 1
m[INFO] 2023-11-08 14:15:51.602912 InternalColumnArr.h:458: [INTERGER col YDXB], min: -7726890, max: -7723867, diff_cnt: 1
m[INFO] 2023-11-08 14:15:51.602935 InternalColumnArr.h:496: [DOUBLE col ZIKG], min: 9804.792582, max: 9808.907676, diff_cnt: 1
m[INFO] 2023-11-08 14:15:51.602946 InternalColumnArr.h:458: [INTERGER col ZTGP], min: 55259, max: 55274, diff_cnt: 1
m[INFO] 2023-11-08 14:15:51.602951 InternalColumnArr.h:458: [INTERGER col ZZBE], min: -24665, max: -14681, diff_cnt: 77
m[INFO] 2023-11-08 14:15:51.603001 InternalColumnArr.h:458: [INTERGER col AOAO], min: -2147483647, max: -2147483645, diff_cnt: 1
m[INFO] 2023-11-08 14:15:51.603011 InternalColumnArr.h:458: [INTERGER col BBPX], min: 1, max: 9, diff_cnt: 1
m[INFO] 2023-11-08 14:15:51.603021 InternalColumnArr.h:496: [DOUBLE col BDPO], min: 797839.469142, max: 798141.700282, diff_cnt: 1
m[INFO] 2023-11-08 14:15:51.603030 InternalColumnArr.h:458: [INTERGER col BTJH], min: 3891465, max: 3892977, diff_cnt: 1
m[INFO] 2023-11-08 14:15:51.603041 InternalColumnArr.h:458: [INTERGER col BZPV], min: 371493, max: 49924837, diff_cnt: 256
m[INFO] 2023-11-08 14:15:51.603051 InternalColumnArr.h:458: [INTERGER col CSRC], min: 2464, max: 9984320, diff_cnt: 256
m[INFO] 2023-11-08 14:15:51.603056 InternalColumnArr.h:458: [INTERGER col DSKQ], min: -9239, max: -9236, diff_cnt: 1
m[INFO] 2023-11-08 14:15:51.603061 InternalColumnArr.h:458: [INTERGER col ENVH], min: 17602, max: 1507394, diff_cnt: 255
m[INFO] 2023-11-08 14:15:51.603073 InternalColumnArr.h:458: [INTERGER col EQLU], min: -751533, max: -751230, diff_cnt: 1
m[INFO] 2023-11-08 14:15:51.603082 InternalColumnArr.h:458: [INTERGER col EXGV], min: -2147483647, max: -2147483645, diff_cnt: 1
m[INFO] 2023-11-08 14:15:51.603106 InternalColumnArr.h:496: [DOUBLE col FQTH], min: -7705162.361938, max: -7702140.050541, diff_cnt: 1
m[INFO] 2023-11-08 14:15:51.603134 InternalColumnArr.h:496: [DOUBLE col FWKW], min: 20702.622816, max: 20702.925047, diff_cnt: 1
m[INFO] 2023-11-08 14:15:51.603265 InternalColumnArr.h:458: [INTERGER col GMNR], min: -399758, max: -399607, diff_cnt: 1
m[INFO] 2023-11-08 14:15:51.603275 InternalColumnArr.h:458: [INTERGER col GMVS], min: 12448, max: 12448, diff_cnt: 1
m[INFO] 2023-11-08 14:15:51.603278 InternalColumnArr.h:458: [INTERGER col GONE], min: -19587, max: 5962237, diff_cnt: 256
m[INFO] 2023-11-08 14:15:51.603331 InternalColumnArr.h:458: [INTERGER col HJPZ], min: -17914, max: -12938, diff_cnt: 6
m[INFO] 2023-11-08 14:15:51.603345 InternalColumnArr.h:458: [INTERGER col HRXI], min: 1, max: 9, diff_cnt: 1
m[INFO] 2023-11-08 14:15:51.603354 InternalColumnArr.h:458: [INTERGER col JCGU], min: -2147483647, max: -2147483645, diff_cnt: 1
m[INFO] 2023-11-08 14:15:51.603363 InternalColumnArr.h:458: [INTERGER col JDOE], min: -7613, max: -5661, diff_cnt: 1
m[INFO] 2023-11-08 14:15:51.603378 InternalColumnArr.h:458: [INTERGER col JHET], min: 1, max: 3, diff_cnt: 1
m[INFO] 2023-11-08 14:15:51.603386 InternalColumnArr.h:458: [INTERGER col JKZL], min: 624117, max: 624359, diff_cnt: 1
m[INFO] 2023-11-08 14:15:51.634378 InternalColumnArr.h:458: [INTERGER col KACE], min: 7730134, max: 7733157, diff_cnt: 1
m[INFO] 2023-11-08 14:15:51.634412 InternalColumnArr.h:458: [INTERGER col KFGP], min: -17866, max: -8090, diff_cnt: 85
m[INFO] 2023-11-08 14:15:51.634431 InternalColumnArr.h:458: [INTERGER col KWET], min: 17999, max: 20991, diff_cnt: 1
m[INFO] 2023-11-08 14:15:51.634448 InternalColumnArr.h:458: [INTERGER col LFZG], min: 91054, max: 91084, diff_cnt: 1
m[INFO] 2023-11-08 14:15:51.634456 InternalColumnArr.h:458: [INTERGER col LIOS], min: -31828, max: -31825, diff_cnt: 1
m[INFO] 2023-11-08 14:15:51.634826 InternalColumnArr.h:496: [DOUBLE col LMLK], min: 3768220.066964, max: 3809216.153736, diff_cnt: 2
m[INFO] 2023-11-08 14:15:51.634848 InternalColumnArr.h:496: [DOUBLE col LYLI], min: 128244.320390, max: 128882.566327, diff_cnt: 1
m[INFO] 2023-11-08 14:15:51.634864 InternalColumnArr.h:458: [INTERGER col MLBY], min: -61887894, max: -61863715, diff_cnt: 1
m[INFO] 2023-11-08 14:15:51.634879 InternalColumnArr.h:458: [INTERGER col MUBC], min: -2147483647, max: -2147483645, diff_cnt: 1
m[INFO] 2023-11-08 14:15:51.634887 InternalColumnArr.h:458: [INTERGER col NXCR], min: 3882154, max: 3883666, diff_cnt: 1
m[INFO] 2023-11-08 14:15:51.635012 InternalColumnArr.h:458: [INTERGER col OZSM], min: 386797720, max: 386948836, diff_cnt: 12
m[INFO] 2023-11-08 14:15:51.635020 InternalColumnArr.h:458: [INTERGER col PQRQ], min: 61911180, max: 61935359, diff_cnt: 1
m[INFO] 2023-11-08 14:15:51.635034 InternalColumnArr.h:496: [DOUBLE col SBXA], min: -72419.112862, max: -72388.889748, diff_cnt: 1
m[INFO] 2023-11-08 14:15:51.635065 InternalColumnArr.h:458: [INTERGER col SYMN], min: -38694398, max: -38679286, diff_cnt: 1
m[INFO] 2023-11-08 14:15:51.635078 InternalColumnArr.h:496: [DOUBLE col TEDW], min: 67073270.446196, max: 67483231.313915, diff_cnt: 54
m[INFO] 2023-11-08 14:15:51.635094 InternalColumnArr.h:458: [INTERGER col TFGW], min: -2147483647, max: -2147483645, diff_cnt: 1
m[INFO] 2023-11-08 14:15:51.635103 InternalColumnArr.h:458: [INTERGER col UAPJ], min: -6210352, max: -6207934, diff_cnt: 1
m[INFO] 2023-11-08 14:15:51.635126 InternalColumnArr.h:458: [INTERGER col UICP], min: -619103009, max: -618861224, diff_cnt: 15
m[INFO] 2023-11-08 14:15:51.635134 InternalColumnArr.h:496: [DOUBLE col UVGJ], min: 15254.594074, max: 15398.260760, diff_cnt: 1
m[INFO] 2023-11-08 14:15:51.635187 InternalColumnArr.h:458: [INTERGER col WKUZ], min: -1, max: -1, diff_cnt: 1
m[INFO] 2023-11-08 14:15:51.635191 InternalColumnArr.h:458: [INTERGER col WLYQ], min: -87617, max: -87587, diff_cnt: 1
m[INFO] 2023-11-08 14:15:51.635199 InternalColumnArr.h:458: [INTERGER col WNHB], min: -22659, max: -12675, diff_cnt: 80
m[INFO] 2023-11-08 14:15:51.635212 InternalColumnArr.h:458: [INTERGER col XCDQ], min: -601007, max: -600765, diff_cnt: 1
m[INFO] 2023-11-08 14:15:51.635222 InternalColumnArr.h:496: [DOUBLE col XRTP], min: 77371475.964268, max: 77401699.078240, diff_cnt: 1
m[INFO] 2023-11-08 14:15:51.635233 InternalColumnArr.h:458: [INTERGER col YCTI], min: 1, max: 5, diff_cnt: 1
m[INFO] 2023-11-08 14:15:51.635242 InternalColumnArr.h:458: [INTERGER col YDXB], min: -7726892, max: -7723869, diff_cnt: 1
m[INFO] 2023-11-08 14:15:51.635264 InternalColumnArr.h:496: [DOUBLE col ZIKG], min: 9804.800276, max: 9808.899885, diff_cnt: 1
m[INFO] 2023-11-08 14:15:51.635277 InternalColumnArr.h:458: [INTERGER col ZTGP], min: 55259, max: 55274, diff_cnt: 1
m[INFO] 2023-11-08 14:15:51.635283 InternalColumnArr.h:458: [INTERGER col ZZBE], min: -24633, max: -14697, diff_cnt: 103
m[INFO] 2023-11-08 14:15:51.635368 InternalColumnArr.h:458: [INTERGER col AOAO], min: -2147483647, max: -2147483645, diff_cnt: 1
m[INFO] 2023-11-08 14:15:51.635380 InternalColumnArr.h:458: [INTERGER col BBPX], min: 1, max: 9, diff_cnt: 1
m[INFO] 2023-11-08 14:15:51.635393 InternalColumnArr.h:496: [DOUBLE col BDPO], min: 797839.678478, max: 798141.909849, diff_cnt: 1
m[INFO] 2023-11-08 14:15:51.635406 InternalColumnArr.h:458: [INTERGER col BTJH], min: 3891467, max: 3892978, diff_cnt: 1
m[INFO] 2023-11-08 14:15:51.635420 InternalColumnArr.h:458: [INTERGER col BZPV], min: 456085, max: 49752725, diff_cnt: 256
m[INFO] 2023-11-08 14:15:51.635433 InternalColumnArr.h:458: [INTERGER col CSRC], min: 33776, max: 9988752, diff_cnt: 256
m[INFO] 2023-11-08 14:15:51.635439 InternalColumnArr.h:458: [INTERGER col DSKQ], min: -9239, max: -9236, diff_cnt: 1
m[INFO] 2023-11-08 14:15:51.635504 InternalColumnArr.h:458: [INTERGER col ENVH], min: 31026, max: 1510706, diff_cnt: 255
m[INFO] 2023-11-08 14:15:51.635519 InternalColumnArr.h:458: [INTERGER col EQLU], min: -751533, max: -751231, diff_cnt: 1
m[INFO] 2023-11-08 14:15:51.635531 InternalColumnArr.h:458: [INTERGER col EXGV], min: -2147483647, max: -2147483645, diff_cnt: 1
m[INFO] 2023-11-08 14:15:51.635561 InternalColumnArr.h:496: [DOUBLE col FQTH], min: -7705164.457614, max: -7702142.143905, diff_cnt: 1
m[INFO] 2023-11-08 14:15:51.635593 InternalColumnArr.h:496: [DOUBLE col FWKW], min: 20702.623025, max: 20702.925256, diff_cnt: 1
m[INFO] 2023-11-08 14:15:51.635755 InternalColumnArr.h:458: [INTERGER col GMNR], min: -399758, max: -399607, diff_cnt: 1
m[INFO] 2023-11-08 14:15:51.635767 InternalColumnArr.h:458: [INTERGER col GMVS], min: 12448, max: 12448, diff_cnt: 1
m[INFO] 2023-11-08 14:15:51.635770 InternalColumnArr.h:458: [INTERGER col GONE], min: 5965, max: 5976269, diff_cnt: 255
m[INFO] 2023-11-08 14:15:51.635787 InternalColumnArr.h:458: [INTERGER col HJPZ], min: -17906, max: -12922, diff_cnt: 13
m[INFO] 2023-11-08 14:15:51.635802 InternalColumnArr.h:458: [INTERGER col HRXI], min: 1, max: 9, diff_cnt: 1
m[INFO] 2023-11-08 14:15:51.635813 InternalColumnArr.h:458: [INTERGER col JCGU], min: -2147483647, max: -2147483645, diff_cnt: 1
m[INFO] 2023-11-08 14:15:51.635823 InternalColumnArr.h:458: [INTERGER col JDOE], min: -7645, max: -5661, diff_cnt: 1
m[INFO] 2023-11-08 14:15:51.635841 InternalColumnArr.h:458: [INTERGER col JHET], min: 1, max: 3, diff_cnt: 1
m[INFO] 2023-11-08 14:15:51.635850 InternalColumnArr.h:458: [INTERGER col JKZL], min: 624117, max: 624359, diff_cnt: 1
m[INFO] 2023-11-08 14:15:51.709458 InternalColumnArr.h:458: [INTERGER col KACE], min: 7730137, max: 7733159, diff_cnt: 1
m[INFO] 2023-11-08 14:15:51.709490 InternalColumnArr.h:458: [INTERGER col KFGP], min: -18058, max: -8090, diff_cnt: 91
m[INFO] 2023-11-08 14:15:51.709509 InternalColumnArr.h:458: [INTERGER col KWET], min: 17999, max: 20991, diff_cnt: 1
m[INFO] 2023-11-08 14:15:51.709527 InternalColumnArr.h:458: [INTERGER col LFZG], min: 91054, max: 91084, diff_cnt: 1
m[INFO] 2023-11-08 14:15:51.709535 InternalColumnArr.h:458: [INTERGER col LIOS], min: -31828, max: -31825, diff_cnt: 1
m[INFO] 2023-11-08 14:15:51.709574 InternalColumnArr.h:496: [DOUBLE col LMLK], min: 3768227.457932, max: 3809206.691258, diff_cnt: 2
m[INFO] 2023-11-08 14:15:51.709593 InternalColumnArr.h:496: [DOUBLE col LYLI], min: 128244.435456, max: 128882.419011, diff_cnt: 1
m[INFO] 2023-11-08 14:15:51.709608 InternalColumnArr.h:458: [INTERGER col MLBY], min: -61887910, max: -61863732, diff_cnt: 1
m[INFO] 2023-11-08 14:15:51.709622 InternalColumnArr.h:458: [INTERGER col MUBC], min: -2147483647, max: -2147483645, diff_cnt: 1
m[INFO] 2023-11-08 14:15:51.709631 InternalColumnArr.h:458: [INTERGER col NXCR], min: 3882156, max: 3883667, diff_cnt: 1
m[INFO] 2023-11-08 14:15:51.709714 InternalColumnArr.h:458: [INTERGER col OZSM], min: 386797825, max: 386948941, diff_cnt: 12
m[INFO] 2023-11-08 14:15:51.709722 InternalColumnArr.h:458: [INTERGER col PQRQ], min: 61911197, max: 61935375, diff_cnt: 1
m[INFO] 2023-11-08 14:15:51.709736 InternalColumnArr.h:496: [DOUBLE col SBXA], min: -72419.133819, max: -72388.910682, diff_cnt: 1
m[INFO] 2023-11-08 14:15:51.709767 InternalColumnArr.h:458: [INTERGER col SYMN], min: -38694408, max: -38679297, diff_cnt: 1
m[INFO] 2023-11-08 14:15:51.709780 InternalColumnArr.h:496: [DOUBLE col TEDW], min: 67073365.070979, max: 67483157.404236, diff_cnt: 54
