col 0 col_name AOAO, col_type Integer, origin_sz 686 MB, compress_sz 62 MB compress rate is 0.090654
col 1 col_name BBPX, col_type Integer, origin_sz 686 MB, compress_sz 105 MB compress rate is 0.153859
col 2 col_name BDPO, col_type double, origin_sz 1373 MB, compress_sz 1092 MB compress rate is 0.795730
col 3 col_name BTJH, col_type Integer, origin_sz 686 MB, compress_sz 375 MB compress rate is 0.547473
col 4 col_name BZPV, col_type Integer, origin_sz 686 MB, compress_sz 607 MB compress rate is 0.885463
col 5 col_name CSRC, col_type Integer, origin_sz 686 MB, compress_sz 570 MB compress rate is 0.830931
col 6 col_name DSKQ, col_type Integer, origin_sz 686 MB, compress_sz 29 MB compress rate is 0.042627
col 7 col_name ENVH, col_type Integer, origin_sz 686 MB, compress_sz 542 MB compress rate is 0.790219
col 8 col_name EQLU, col_type Integer, origin_sz 686 MB, compress_sz 248 MB compress rate is 0.362326
col 9 col_name EXGV, col_type Integer, origin_sz 686 MB, compress_sz 62 MB compress rate is 0.090659
col 10 col_name FLLY, col_type string, origin_sz 514 MB, compress_sz 121 MB compress rate is 0.236206
col 11 col_name FQTH, col_type double, origin_sz 1373 MB, compress_sz 1102 MB compress rate is 0.802887
col 12 col_name FVXS, col_type string, origin_sz 572 MB, compress_sz 89 MB compress rate is 0.155742
col 13 col_name FWKW, col_type double, origin_sz 1373 MB, compress_sz 821 MB compress rate is 0.598404
col 14 col_name GLNG, col_type string, origin_sz 6351 MB, compress_sz 4277 MB compress rate is 0.673511
col 15 col_name GMNR, col_type Integer, origin_sz 686 MB, compress_sz 200 MB compress rate is 0.291336
col 16 col_name GMVS, col_type Integer, origin_sz 686 MB, compress_sz 1 MB compress rate is 0.001897
col 17 col_name GONE, col_type Integer, origin_sz 686 MB, compress_sz 565 MB compress rate is 0.823157
col 18 col_name HJPZ, col_type Integer, origin_sz 686 MB, compress_sz 350 MB compress rate is 0.509880
col 19 col_name HRXI, col_type Integer, origin_sz 686 MB, compress_sz 105 MB compress rate is 0.153864
col 20 col_name JCGU, col_type Integer, origin_sz 686 MB, compress_sz 62 MB compress rate is 0.090657
col 21 col_name JDOE, col_type Integer, origin_sz 686 MB, compress_sz 311 MB compress rate is 0.453915
col 22 col_name JHET, col_type Integer, origin_sz 686 MB, compress_sz 61 MB compress rate is 0.090131
col 23 col_name JKZL, col_type Integer, origin_sz 686 MB, compress_sz 232 MB compress rate is 0.337891
col 24 col_name JUBK, col_type string, origin_sz 17509 MB, compress_sz 11935 MB compress rate is 0.681657
col 25 col_name KACE, col_type Integer, origin_sz 686 MB, compress_sz 418 MB compress rate is 0.608772
col 26 col_name KFGP, col_type Integer, origin_sz 686 MB, compress_sz 375 MB compress rate is 0.546458
col 27 col_name KWET, col_type Integer, origin_sz 686 MB, compress_sz 329 MB compress rate is 0.480190
col 28 col_name LFZG, col_type Integer, origin_sz 686 MB, compress_sz 107 MB compress rate is 0.156096
col 29 col_name LIOS, col_type Integer, origin_sz 686 MB, compress_sz 29 MB compress rate is 0.042624
col 30 col_name LIYD, col_type string, origin_sz 514 MB, compress_sz 31 MB compress rate is 0.060931
col 31 col_name LMLK, col_type double, origin_sz 1373 MB, compress_sz 1119 MB compress rate is 0.814868
col 32 col_name LYLI, col_type double, origin_sz 1373 MB, compress_sz 1077 MB compress rate is 0.784546
col 33 col_name MLBY, col_type Integer, origin_sz 686 MB, compress_sz 492 MB compress rate is 0.716638
col 34 col_name MUBC, col_type Integer, origin_sz 686 MB, compress_sz 62 MB compress rate is 0.090659
col 35 col_name NXCR, col_type Integer, origin_sz 686 MB, compress_sz 376 MB compress rate is 0.547630
col 36 col_name ORNI, col_type string, origin_sz 5493 MB, compress_sz 3540 MB compress rate is 0.644448
col 37 col_name OZSM, col_type Integer, origin_sz 686 MB, compress_sz 537 MB compress rate is 0.782939
col 38 col_name PQRQ, col_type Integer, origin_sz 686 MB, compress_sz 492 MB compress rate is 0.717018
col 39 col_name SBXA, col_type double, origin_sz 1373 MB, compress_sz 1107 MB compress rate is 0.806166
col 40 col_name SCHU, col_type string, origin_sz 514 MB, compress_sz 142 MB compress rate is 0.276263
col 41 col_name SYMN, col_type Integer, origin_sz 686 MB, compress_sz 478 MB compress rate is 0.697150
col 42 col_name TEDW, col_type double, origin_sz 1373 MB, compress_sz 1118 MB compress rate is 0.814415
col 43 col_name TFGW, col_type Integer, origin_sz 686 MB, compress_sz 62 MB compress rate is 0.090659
col 44 col_name UAPJ, col_type Integer, origin_sz 686 MB, compress_sz 405 MB compress rate is 0.590583
col 45 col_name UFPI, col_type string, origin_sz 1201 MB, compress_sz 1 MB compress rate is 0.001012
col 46 col_name UICP, col_type Integer, origin_sz 686 MB, compress_sz 548 MB compress rate is 0.799258
col 47 col_name UVGJ, col_type double, origin_sz 1373 MB, compress_sz 1141 MB compress rate is 0.831147
col 48 col_name UZSV, col_type string, origin_sz 2918 MB, compress_sz 1786 MB compress rate is 0.612165
col 49 col_name WKUZ, col_type Integer, origin_sz 686 MB, compress_sz 0 MB compress rate is 0.001160
col 50 col_name WLYQ, col_type Integer, origin_sz 686 MB, compress_sz 107 MB compress rate is 0.156281
col 51 col_name WNHB, col_type Integer, origin_sz 686 MB, compress_sz 374 MB compress rate is 0.545149
col 52 col_name XCDQ, col_type Integer, origin_sz 686 MB, compress_sz 231 MB compress rate is 0.337807
col 53 col_name XRTP, col_type double, origin_sz 1373 MB, compress_sz 1100 MB compress rate is 0.801256
col 54 col_name YCTI, col_type Integer, origin_sz 686 MB, compress_sz 82 MB compress rate is 0.120455
col 55 col_name YDXB, col_type Integer, origin_sz 686 MB, compress_sz 417 MB compress rate is 0.608694
col 56 col_name ZEBY, col_type string, origin_sz 1544 MB, compress_sz 1 MB compress rate is 0.000842
col 57 col_name ZIKG, col_type double, origin_sz 1373 MB, compress_sz 944 MB compress rate is 0.688001
col 58 col_name ZTGP, col_type Integer, origin_sz 686 MB, compress_sz 74 MB compress rate is 0.108892
col 59 col_name ZZBE, col_type Integer, origin_sz 686 MB, compress_sz 374 MB compress rate is 0.545087
col 60, origin_sz 343 MB, compress_sz 3 MB compress rate is 0.011498
col 61, origin_sz 1373 MB, compress_sz 13 MB compress rate is 0.009646
col 62, origin_sz 343 MB, compress_sz 295 MB compress rate is 0.860353